<?xml version="1.0" encoding="UTF-8"?>
<!-- Generated by org.testng.reporters.JUnitReportReporter -->
<testsuite skipped="0" hostname="hp" name="selenium.Loggi" tests="2" failures="0" timestamp="26 Oct 2017 15:40:29 GMT" time="88.718" errors="0">
  <testcase name="a" time="0.016" classname="selenium.Loggi"/>
  <testcase name="b" time="88.702" classname="selenium.Loggi"/>
</testsuite> <!-- selenium.Loggi -->
