<?xml version="1.0" encoding="UTF-8"?>
<!-- Generated by org.testng.reporters.JUnitReportReporter -->
<testsuite skipped="0" hostname="hp" name="selenium.Demo" tests="1" failures="0" timestamp="25 Oct 2017 15:09:42 GMT" time="8.411" errors="0">
  <testcase name="a_openbrowser" time="8.411" classname="selenium.Demo"/>
</testsuite> <!-- selenium.Demo -->
